# JRE version: Java(TM) SE Runtime Environment (17.0.6+9) (build 17.0.6+9-LTS-190)
# Java VM: Java HotSpot(TM) 64-Bit Server VM (17.0.6+9-LTS-190, mixed mode, sharing, tiered, compressed oops, compressed class ptrs, g1 gc, windows-amd64)
GC Precious Log:
 CPUs: 4 total, 4 available
 Memory: 8134M
 Large Page Support: Disabled
 NUMA Support: Disabled
 Compressed Oops: Enabled (32-bit)
 Heap Region Size: 1M
 Heap Min Capacity: 256M
 Heap Initial Capacity: 256M
 Heap Max Capacity: 512M
 Pre-touch: Disabled
 Parallel Workers: 4
 Concurrent Workers: 1
 Concurrent Refinement Workers: 4
 Periodic GC: Disabled
Heap:
 garbage-first heap   total 262144K, used 90872K [0x00000000e0000000, 0x0000000100000000)
  region size 1024K, 62 young (63488K), 20 survivors (20480K)
 Metaspace       used 58875K, committed 59392K, reserved 270336K
  class space    used 8103K, committed 8384K, reserved 212992K
GC Heap History (16 events):
Event: 0.417 GC heap before
{Heap before GC invocations=0 (full 0):
 garbage-first heap   total 262144K, used 13312K [0x00000000e0000000, 0x0000000100000000)
  region size 1024K, 13 young (13312K), 0 survivors (0K)
 Metaspace       used 951K, committed 1088K, reserved 221184K
  class space    used 74K, committed 128K, reserved 212992K
}
Event: 0.420 GC heap after
{Heap after GC invocations=1 (full 0):
 garbage-first heap   total 262144K, used 3580K [0x00000000e0000000, 0x0000000100000000)
  region size 1024K, 2 young (2048K), 2 survivors (2048K)
 Metaspace       used 951K, committed 1088K, reserved 221184K
  class space    used 74K, committed 128K, reserved 212992K
}
Event: 0.801 GC heap before
{Heap before GC invocations=1 (full 0):
 garbage-first heap   total 262144K, used 22012K [0x00000000e0000000, 0x0000000100000000)
  region size 1024K, 17 young (17408K), 2 survivors (2048K)
 Metaspace       used 3802K, committed 3968K, reserved 221184K
  class space    used 474K, committed 576K, reserved 212992K
}
Event: 0.805 GC heap after
{Heap after GC invocations=2 (full 0):
 garbage-first heap   total 262144K, used 9283K [0x00000000e0000000, 0x0000000100000000)
  region size 1024K, 3 young (3072K), 3 survivors (3072K)
 Metaspace       used 3802K, committed 3968K, reserved 221184K
  class space    used 474K, committed 576K, reserved 212992K
}
Event: 1.091 GC heap before
{Heap before GC invocations=2 (full 0):
 garbage-first heap   total 262144K, used 31811K [0x00000000e0000000, 0x0000000100000000)
  region size 1024K, 25 young (25600K), 3 survivors (3072K)
 Metaspace       used 3928K, committed 4096K, reserved 221184K
  class space    used 475K, committed 576K, reserved 212992K
}
Event: 1.094 GC heap after
{Heap after GC invocations=3 (full 0):
 garbage-first heap   total 262144K, used 12374K [0x00000000e0000000, 0x0000000100000000)
  region size 1024K, 3 young (3072K), 3 survivors (3072K)
 Metaspace       used 3928K, committed 4096K, reserved 221184K
  class space    used 475K, committed 576K, reserved 212992K
}
Event: 3.267 GC heap before
{Heap before GC invocations=3 (full 0):
 garbage-first heap   total 262144K, used 113750K [0x00000000e0000000, 0x0000000100000000)
  region size 1024K, 103 young (105472K), 3 survivors (3072K)
 Metaspace       used 21188K, committed 21504K, reserved 237568K
  class space    used 3171K, committed 3328K, reserved 212992K
}
Event: 3.278 GC heap after
{Heap after GC invocations=4 (full 0):
 garbage-first heap   total 262144K, used 20494K [0x00000000e0000000, 0x0000000100000000)
  region size 1024K, 11 young (11264K), 11 survivors (11264K)
 Metaspace       used 21188K, committed 21504K, reserved 237568K
  class space    used 3171K, committed 3328K, reserved 212992K
}
Event: 6.339 GC heap before
{Heap before GC invocations=5 (full 0):
 garbage-first heap   total 262144K, used 126990K [0x00000000e0000000, 0x0000000100000000)
  region size 1024K, 113 young (115712K), 11 survivors (11264K)
 Metaspace       used 34410K, committed 34752K, reserved 245760K
  class space    used 4839K, committed 4992K, reserved 212992K
}
Event: 6.359 GC heap after
{Heap after GC invocations=6 (full 0):
 garbage-first heap   total 262144K, used 29845K [0x00000000e0000000, 0x0000000100000000)
  region size 1024K, 10 young (10240K), 10 survivors (10240K)
 Metaspace       used 34410K, committed 34752K, reserved 245760K
  class space    used 4839K, committed 4992K, reserved 212992K
}
Event: 6.941 GC heap before
{Heap before GC invocations=6 (full 0):
 garbage-first heap   total 262144K, used 176277K [0x00000000e0000000, 0x0000000100000000)
  region size 1024K, 153 young (156672K), 10 survivors (10240K)
 Metaspace       used 34595K, committed 34944K, reserved 245760K
  class space    used 4839K, committed 4992K, reserved 212992K
}
Event: 6.960 GC heap after
{Heap after GC invocations=7 (full 0):
 garbage-first heap   total 262144K, used 37316K [0x00000000e0000000, 0x0000000100000000)
  region size 1024K, 17 young (17408K), 17 survivors (17408K)
 Metaspace       used 34595K, committed 34944K, reserved 245760K
  class space    used 4839K, committed 4992K, reserved 212992K
}
Event: 8.150 GC heap before
{Heap before GC invocations=7 (full 0):
 garbage-first heap   total 262144K, used 71108K [0x00000000e0000000, 0x0000000100000000)
  region size 1024K, 51 young (52224K), 17 survivors (17408K)
 Metaspace       used 35600K, committed 35968K, reserved 245760K
  class space    used 4952K, committed 5120K, reserved 212992K
}
Event: 8.161 GC heap after
{Heap after GC invocations=8 (full 0):
 garbage-first heap   total 262144K, used 38166K [0x00000000e0000000, 0x0000000100000000)
  region size 1024K, 10 young (10240K), 10 survivors (10240K)
 Metaspace       used 35600K, committed 35968K, reserved 245760K
  class space    used 4952K, committed 5120K, reserved 212992K
}
Event: 12.693 GC heap before
{Heap before GC invocations=9 (full 0):
 garbage-first heap   total 262144K, used 184598K [0x00000000e0000000, 0x0000000100000000)
  region size 1024K, 153 young (156672K), 10 survivors (10240K)
 Metaspace       used 56935K, committed 57472K, reserved 270336K
  class space    used 7782K, committed 8064K, reserved 212992K
}
Event: 12.709 GC heap after
{Heap after GC invocations=10 (full 0):
 garbage-first heap   total 262144K, used 48888K [0x00000000e0000000, 0x0000000100000000)
  region size 1024K, 20 young (20480K), 20 survivors (20480K)
 Metaspace       used 56935K, committed 57472K, reserved 270336K
  class space    used 7782K, committed 8064K, reserved 212992K
}

